<?xml version="1.0" encoding="UTF-8"?>
<testng-results ignored="0" total="1" passed="1" failed="0" skipped="0">
  <reporter-output>
  </reporter-output>
  <suite started-at="2024-10-18T10:42:15 IST" name="Suite" finished-at="2024-10-18T10:42:21 IST" duration-ms="6013">
    <groups>
    </groups>
    <test started-at="2024-10-18T10:42:15 IST" name="Test" finished-at="2024-10-18T10:42:21 IST" duration-ms="6013">
      <class name="assertion.Assertion">
        <test-method signature="add()[pri:0, instance:assertion.Assertion@11bd0f3b]" started-at="2024-10-18T10:42:15 IST" name="add" finished-at="2024-10-18T10:42:21 IST" duration-ms="5968" status="PASS">
          <reporter-output>
          </reporter-output>
        </test-method> <!-- add -->
      </class> <!-- assertion.Assertion -->
    </test> <!-- Test -->
  </suite> <!-- Suite -->
</testng-results>
